[26/Nov/2014 13:23:52] ERROR [django.request:231] Internal Server Error: /detail/
Traceback (most recent call last):
  File "/Library/Python/2.7/site-packages/django/core/handlers/base.py", line 111, in get_response
    response = wrapped_callback(request, *callback_args, **callback_kwargs)
  File "/Users/Davey/Documents/school/Jaar 2/Kwartaal 1/A-Pc/Website/pcbuilder/views.py", line 86, in detail
    context_instance=RequestContext(request))
  File "/Library/Python/2.7/site-packages/django/shortcuts.py", line 23, in render_to_response
    return HttpResponse(loader.render_to_string(*args, **kwargs), **httpresponse_kwargs)
  File "/Library/Python/2.7/site-packages/django/template/loader.py", line 170, in render_to_string
    t = get_template(template_name, dirs)
  File "/Library/Python/2.7/site-packages/django/template/loader.py", line 144, in get_template
    template, origin = find_template(template_name, dirs)
  File "/Library/Python/2.7/site-packages/django/template/loader.py", line 132, in find_template
    source, display_name = loader(name, dirs)
  File "/Library/Python/2.7/site-packages/django/template/loader.py", line 44, in __call__
    return self.load_template(template_name, template_dirs)
  File "/Library/Python/2.7/site-packages/django/template/loader.py", line 50, in load_template
    template = get_template_from_string(source, origin, template_name)
  File "/Library/Python/2.7/site-packages/django/template/loader.py", line 156, in get_template_from_string
    return Template(source, origin, name)
  File "/Library/Python/2.7/site-packages/django/template/base.py", line 132, in __init__
    self.nodelist = compile_string(template_string, origin)
  File "/Library/Python/2.7/site-packages/django/template/base.py", line 162, in compile_string
    return parser.parse()
  File "/Library/Python/2.7/site-packages/django/template/base.py", line 290, in parse
    compiled_result = compile_func(self, token)
  File "/Library/Python/2.7/site-packages/django/template/loader_tags.py", line 201, in do_extends
    nodelist = parser.parse()
  File "/Library/Python/2.7/site-packages/django/template/base.py", line 290, in parse
    compiled_result = compile_func(self, token)
  File "/Library/Python/2.7/site-packages/django/template/loader_tags.py", line 175, in do_block
    nodelist = parser.parse(('endblock',))
  File "/Library/Python/2.7/site-packages/django/template/base.py", line 290, in parse
    compiled_result = compile_func(self, token)
  File "/Library/Python/2.7/site-packages/django/template/defaulttags.py", line 833, in do_for
    nodelist_loop = parser.parse(('empty', 'endfor',))
  File "/Library/Python/2.7/site-packages/django/template/base.py", line 290, in parse
    compiled_result = compile_func(self, token)
  File "/Library/Python/2.7/site-packages/django/template/defaulttags.py", line 833, in do_for
    nodelist_loop = parser.parse(('empty', 'endfor',))
  File "/Library/Python/2.7/site-packages/django/template/base.py", line 290, in parse
    compiled_result = compile_func(self, token)
  File "/Library/Python/2.7/site-packages/django/template/defaulttags.py", line 1459, in do_with
    nodelist = parser.parse(('endwith',))
  File "/Library/Python/2.7/site-packages/django/template/base.py", line 290, in parse
    compiled_result = compile_func(self, token)
  File "/Library/Python/2.7/site-packages/django/template/defaulttags.py", line 975, in do_if
    nodelist = parser.parse(('elif', 'else', 'endif'))
  File "/Library/Python/2.7/site-packages/django/template/base.py", line 290, in parse
    compiled_result = compile_func(self, token)
  File "/Library/Python/2.7/site-packages/django/template/defaulttags.py", line 833, in do_for
    nodelist_loop = parser.parse(('empty', 'endfor',))
  File "/Library/Python/2.7/site-packages/django/template/base.py", line 290, in parse
    compiled_result = compile_func(self, token)
  File "/Library/Python/2.7/site-packages/django/template/defaulttags.py", line 1459, in do_with
    nodelist = parser.parse(('endwith',))
  File "/Library/Python/2.7/site-packages/django/template/base.py", line 290, in parse
    compiled_result = compile_func(self, token)
  File "/Library/Python/2.7/site-packages/django/template/defaulttags.py", line 975, in do_if
    nodelist = parser.parse(('elif', 'else', 'endif'))
  File "/Library/Python/2.7/site-packages/django/template/base.py", line 290, in parse
    compiled_result = compile_func(self, token)
  File "/Library/Python/2.7/site-packages/django/template/defaulttags.py", line 1455, in do_with
    "assignment" % bits[0])
TemplateSyntaxError: u'with' expected at least one variable assignment
[26/Nov/2014 13:24:06] ERROR [django.request:231] Internal Server Error: /detail/
Traceback (most recent call last):
  File "/Library/Python/2.7/site-packages/django/core/handlers/base.py", line 111, in get_response
    response = wrapped_callback(request, *callback_args, **callback_kwargs)
  File "/Users/Davey/Documents/school/Jaar 2/Kwartaal 1/A-Pc/Website/pcbuilder/views.py", line 86, in detail
    context_instance=RequestContext(request))
  File "/Library/Python/2.7/site-packages/django/shortcuts.py", line 23, in render_to_response
    return HttpResponse(loader.render_to_string(*args, **kwargs), **httpresponse_kwargs)
  File "/Library/Python/2.7/site-packages/django/template/loader.py", line 170, in render_to_string
    t = get_template(template_name, dirs)
  File "/Library/Python/2.7/site-packages/django/template/loader.py", line 144, in get_template
    template, origin = find_template(template_name, dirs)
  File "/Library/Python/2.7/site-packages/django/template/loader.py", line 132, in find_template
    source, display_name = loader(name, dirs)
  File "/Library/Python/2.7/site-packages/django/template/loader.py", line 44, in __call__
    return self.load_template(template_name, template_dirs)
  File "/Library/Python/2.7/site-packages/django/template/loader.py", line 50, in load_template
    template = get_template_from_string(source, origin, template_name)
  File "/Library/Python/2.7/site-packages/django/template/loader.py", line 156, in get_template_from_string
    return Template(source, origin, name)
  File "/Library/Python/2.7/site-packages/django/template/base.py", line 132, in __init__
    self.nodelist = compile_string(template_string, origin)
  File "/Library/Python/2.7/site-packages/django/template/base.py", line 162, in compile_string
    return parser.parse()
  File "/Library/Python/2.7/site-packages/django/template/base.py", line 290, in parse
    compiled_result = compile_func(self, token)
  File "/Library/Python/2.7/site-packages/django/template/loader_tags.py", line 201, in do_extends
    nodelist = parser.parse()
  File "/Library/Python/2.7/site-packages/django/template/base.py", line 290, in parse
    compiled_result = compile_func(self, token)
  File "/Library/Python/2.7/site-packages/django/template/loader_tags.py", line 175, in do_block
    nodelist = parser.parse(('endblock',))
  File "/Library/Python/2.7/site-packages/django/template/base.py", line 290, in parse
    compiled_result = compile_func(self, token)
  File "/Library/Python/2.7/site-packages/django/template/defaulttags.py", line 833, in do_for
    nodelist_loop = parser.parse(('empty', 'endfor',))
  File "/Library/Python/2.7/site-packages/django/template/base.py", line 290, in parse
    compiled_result = compile_func(self, token)
  File "/Library/Python/2.7/site-packages/django/template/defaulttags.py", line 833, in do_for
    nodelist_loop = parser.parse(('empty', 'endfor',))
  File "/Library/Python/2.7/site-packages/django/template/base.py", line 290, in parse
    compiled_result = compile_func(self, token)
  File "/Library/Python/2.7/site-packages/django/template/defaulttags.py", line 1459, in do_with
    nodelist = parser.parse(('endwith',))
  File "/Library/Python/2.7/site-packages/django/template/base.py", line 290, in parse
    compiled_result = compile_func(self, token)
  File "/Library/Python/2.7/site-packages/django/template/defaulttags.py", line 975, in do_if
    nodelist = parser.parse(('elif', 'else', 'endif'))
  File "/Library/Python/2.7/site-packages/django/template/base.py", line 290, in parse
    compiled_result = compile_func(self, token)
  File "/Library/Python/2.7/site-packages/django/template/defaulttags.py", line 833, in do_for
    nodelist_loop = parser.parse(('empty', 'endfor',))
  File "/Library/Python/2.7/site-packages/django/template/base.py", line 290, in parse
    compiled_result = compile_func(self, token)
  File "/Library/Python/2.7/site-packages/django/template/defaulttags.py", line 1459, in do_with
    nodelist = parser.parse(('endwith',))
  File "/Library/Python/2.7/site-packages/django/template/base.py", line 290, in parse
    compiled_result = compile_func(self, token)
  File "/Library/Python/2.7/site-packages/django/template/defaulttags.py", line 975, in do_if
    nodelist = parser.parse(('elif', 'else', 'endif'))
  File "/Library/Python/2.7/site-packages/django/template/base.py", line 290, in parse
    compiled_result = compile_func(self, token)
  File "/Library/Python/2.7/site-packages/django/template/defaulttags.py", line 1455, in do_with
    "assignment" % bits[0])
TemplateSyntaxError: u'with' expected at least one variable assignment
[26/Nov/2014 13:25:34] ERROR [django.request:231] Internal Server Error: /detail/
Traceback (most recent call last):
  File "/Library/Python/2.7/site-packages/django/core/handlers/base.py", line 111, in get_response
    response = wrapped_callback(request, *callback_args, **callback_kwargs)
  File "/Users/Davey/Documents/school/Jaar 2/Kwartaal 1/A-Pc/Website/pcbuilder/views.py", line 86, in detail
    context_instance=RequestContext(request))
  File "/Library/Python/2.7/site-packages/django/shortcuts.py", line 23, in render_to_response
    return HttpResponse(loader.render_to_string(*args, **kwargs), **httpresponse_kwargs)
  File "/Library/Python/2.7/site-packages/django/template/loader.py", line 170, in render_to_string
    t = get_template(template_name, dirs)
  File "/Library/Python/2.7/site-packages/django/template/loader.py", line 144, in get_template
    template, origin = find_template(template_name, dirs)
  File "/Library/Python/2.7/site-packages/django/template/loader.py", line 132, in find_template
    source, display_name = loader(name, dirs)
  File "/Library/Python/2.7/site-packages/django/template/loader.py", line 44, in __call__
    return self.load_template(template_name, template_dirs)
  File "/Library/Python/2.7/site-packages/django/template/loader.py", line 50, in load_template
    template = get_template_from_string(source, origin, template_name)
  File "/Library/Python/2.7/site-packages/django/template/loader.py", line 156, in get_template_from_string
    return Template(source, origin, name)
  File "/Library/Python/2.7/site-packages/django/template/base.py", line 132, in __init__
    self.nodelist = compile_string(template_string, origin)
  File "/Library/Python/2.7/site-packages/django/template/base.py", line 162, in compile_string
    return parser.parse()
  File "/Library/Python/2.7/site-packages/django/template/base.py", line 290, in parse
    compiled_result = compile_func(self, token)
  File "/Library/Python/2.7/site-packages/django/template/loader_tags.py", line 201, in do_extends
    nodelist = parser.parse()
  File "/Library/Python/2.7/site-packages/django/template/base.py", line 290, in parse
    compiled_result = compile_func(self, token)
  File "/Library/Python/2.7/site-packages/django/template/loader_tags.py", line 175, in do_block
    nodelist = parser.parse(('endblock',))
  File "/Library/Python/2.7/site-packages/django/template/base.py", line 290, in parse
    compiled_result = compile_func(self, token)
  File "/Library/Python/2.7/site-packages/django/template/defaulttags.py", line 833, in do_for
    nodelist_loop = parser.parse(('empty', 'endfor',))
  File "/Library/Python/2.7/site-packages/django/template/base.py", line 290, in parse
    compiled_result = compile_func(self, token)
  File "/Library/Python/2.7/site-packages/django/template/defaulttags.py", line 833, in do_for
    nodelist_loop = parser.parse(('empty', 'endfor',))
  File "/Library/Python/2.7/site-packages/django/template/base.py", line 290, in parse
    compiled_result = compile_func(self, token)
  File "/Library/Python/2.7/site-packages/django/template/defaulttags.py", line 1459, in do_with
    nodelist = parser.parse(('endwith',))
  File "/Library/Python/2.7/site-packages/django/template/base.py", line 290, in parse
    compiled_result = compile_func(self, token)
  File "/Library/Python/2.7/site-packages/django/template/defaulttags.py", line 975, in do_if
    nodelist = parser.parse(('elif', 'else', 'endif'))
  File "/Library/Python/2.7/site-packages/django/template/base.py", line 290, in parse
    compiled_result = compile_func(self, token)
  File "/Library/Python/2.7/site-packages/django/template/defaulttags.py", line 833, in do_for
    nodelist_loop = parser.parse(('empty', 'endfor',))
  File "/Library/Python/2.7/site-packages/django/template/base.py", line 290, in parse
    compiled_result = compile_func(self, token)
  File "/Library/Python/2.7/site-packages/django/template/defaulttags.py", line 1459, in do_with
    nodelist = parser.parse(('endwith',))
  File "/Library/Python/2.7/site-packages/django/template/base.py", line 290, in parse
    compiled_result = compile_func(self, token)
  File "/Library/Python/2.7/site-packages/django/template/defaulttags.py", line 975, in do_if
    nodelist = parser.parse(('elif', 'else', 'endif'))
  File "/Library/Python/2.7/site-packages/django/template/base.py", line 288, in parse
    self.invalid_block_tag(token, command, parse_until)
  File "/Library/Python/2.7/site-packages/django/template/base.py", line 343, in invalid_block_tag
    (command, get_text_list(["'%s'" % p for p in parse_until])))
TemplateSyntaxError: Invalid block tag: 'setvar', expected 'elif', 'else' or 'endif'
[26/Nov/2014 13:26:02] ERROR [django.request:231] Internal Server Error: /detail/
Traceback (most recent call last):
  File "/Library/Python/2.7/site-packages/django/core/handlers/base.py", line 111, in get_response
    response = wrapped_callback(request, *callback_args, **callback_kwargs)
  File "/Users/Davey/Documents/school/Jaar 2/Kwartaal 1/A-Pc/Website/pcbuilder/views.py", line 86, in detail
    context_instance=RequestContext(request))
  File "/Library/Python/2.7/site-packages/django/shortcuts.py", line 23, in render_to_response
    return HttpResponse(loader.render_to_string(*args, **kwargs), **httpresponse_kwargs)
  File "/Library/Python/2.7/site-packages/django/template/loader.py", line 170, in render_to_string
    t = get_template(template_name, dirs)
  File "/Library/Python/2.7/site-packages/django/template/loader.py", line 144, in get_template
    template, origin = find_template(template_name, dirs)
  File "/Library/Python/2.7/site-packages/django/template/loader.py", line 132, in find_template
    source, display_name = loader(name, dirs)
  File "/Library/Python/2.7/site-packages/django/template/loader.py", line 44, in __call__
    return self.load_template(template_name, template_dirs)
  File "/Library/Python/2.7/site-packages/django/template/loader.py", line 50, in load_template
    template = get_template_from_string(source, origin, template_name)
  File "/Library/Python/2.7/site-packages/django/template/loader.py", line 156, in get_template_from_string
    return Template(source, origin, name)
  File "/Library/Python/2.7/site-packages/django/template/base.py", line 132, in __init__
    self.nodelist = compile_string(template_string, origin)
  File "/Library/Python/2.7/site-packages/django/template/base.py", line 162, in compile_string
    return parser.parse()
  File "/Library/Python/2.7/site-packages/django/template/base.py", line 290, in parse
    compiled_result = compile_func(self, token)
  File "/Library/Python/2.7/site-packages/django/template/loader_tags.py", line 201, in do_extends
    nodelist = parser.parse()
  File "/Library/Python/2.7/site-packages/django/template/base.py", line 290, in parse
    compiled_result = compile_func(self, token)
  File "/Library/Python/2.7/site-packages/django/template/loader_tags.py", line 175, in do_block
    nodelist = parser.parse(('endblock',))
  File "/Library/Python/2.7/site-packages/django/template/base.py", line 290, in parse
    compiled_result = compile_func(self, token)
  File "/Library/Python/2.7/site-packages/django/template/defaulttags.py", line 833, in do_for
    nodelist_loop = parser.parse(('empty', 'endfor',))
  File "/Library/Python/2.7/site-packages/django/template/base.py", line 290, in parse
    compiled_result = compile_func(self, token)
  File "/Library/Python/2.7/site-packages/django/template/defaulttags.py", line 833, in do_for
    nodelist_loop = parser.parse(('empty', 'endfor',))
  File "/Library/Python/2.7/site-packages/django/template/base.py", line 290, in parse
    compiled_result = compile_func(self, token)
  File "/Library/Python/2.7/site-packages/django/template/defaulttags.py", line 1459, in do_with
    nodelist = parser.parse(('endwith',))
  File "/Library/Python/2.7/site-packages/django/template/base.py", line 290, in parse
    compiled_result = compile_func(self, token)
  File "/Library/Python/2.7/site-packages/django/template/defaulttags.py", line 975, in do_if
    nodelist = parser.parse(('elif', 'else', 'endif'))
  File "/Library/Python/2.7/site-packages/django/template/base.py", line 290, in parse
    compiled_result = compile_func(self, token)
  File "/Library/Python/2.7/site-packages/django/template/defaulttags.py", line 833, in do_for
    nodelist_loop = parser.parse(('empty', 'endfor',))
  File "/Library/Python/2.7/site-packages/django/template/base.py", line 290, in parse
    compiled_result = compile_func(self, token)
  File "/Library/Python/2.7/site-packages/django/template/defaulttags.py", line 1459, in do_with
    nodelist = parser.parse(('endwith',))
  File "/Library/Python/2.7/site-packages/django/template/base.py", line 290, in parse
    compiled_result = compile_func(self, token)
  File "/Library/Python/2.7/site-packages/django/template/defaulttags.py", line 975, in do_if
    nodelist = parser.parse(('elif', 'else', 'endif'))
  File "/Library/Python/2.7/site-packages/django/template/base.py", line 288, in parse
    self.invalid_block_tag(token, command, parse_until)
  File "/Library/Python/2.7/site-packages/django/template/base.py", line 343, in invalid_block_tag
    (command, get_text_list(["'%s'" % p for p in parse_until])))
TemplateSyntaxError: Invalid block tag: 'setvar', expected 'elif', 'else' or 'endif'
[26/Nov/2014 13:26:11] ERROR [django.request:231] Internal Server Error: /detail/
Traceback (most recent call last):
  File "/Library/Python/2.7/site-packages/django/core/handlers/base.py", line 111, in get_response
    response = wrapped_callback(request, *callback_args, **callback_kwargs)
  File "/Users/Davey/Documents/school/Jaar 2/Kwartaal 1/A-Pc/Website/pcbuilder/views.py", line 86, in detail
    context_instance=RequestContext(request))
  File "/Library/Python/2.7/site-packages/django/shortcuts.py", line 23, in render_to_response
    return HttpResponse(loader.render_to_string(*args, **kwargs), **httpresponse_kwargs)
  File "/Library/Python/2.7/site-packages/django/template/loader.py", line 170, in render_to_string
    t = get_template(template_name, dirs)
  File "/Library/Python/2.7/site-packages/django/template/loader.py", line 144, in get_template
    template, origin = find_template(template_name, dirs)
  File "/Library/Python/2.7/site-packages/django/template/loader.py", line 132, in find_template
    source, display_name = loader(name, dirs)
  File "/Library/Python/2.7/site-packages/django/template/loader.py", line 44, in __call__
    return self.load_template(template_name, template_dirs)
  File "/Library/Python/2.7/site-packages/django/template/loader.py", line 50, in load_template
    template = get_template_from_string(source, origin, template_name)
  File "/Library/Python/2.7/site-packages/django/template/loader.py", line 156, in get_template_from_string
    return Template(source, origin, name)
  File "/Library/Python/2.7/site-packages/django/template/base.py", line 132, in __init__
    self.nodelist = compile_string(template_string, origin)
  File "/Library/Python/2.7/site-packages/django/template/base.py", line 162, in compile_string
    return parser.parse()
  File "/Library/Python/2.7/site-packages/django/template/base.py", line 290, in parse
    compiled_result = compile_func(self, token)
  File "/Library/Python/2.7/site-packages/django/template/loader_tags.py", line 201, in do_extends
    nodelist = parser.parse()
  File "/Library/Python/2.7/site-packages/django/template/base.py", line 290, in parse
    compiled_result = compile_func(self, token)
  File "/Library/Python/2.7/site-packages/django/template/loader_tags.py", line 175, in do_block
    nodelist = parser.parse(('endblock',))
  File "/Library/Python/2.7/site-packages/django/template/base.py", line 290, in parse
    compiled_result = compile_func(self, token)
  File "/Library/Python/2.7/site-packages/django/template/defaulttags.py", line 833, in do_for
    nodelist_loop = parser.parse(('empty', 'endfor',))
  File "/Library/Python/2.7/site-packages/django/template/base.py", line 290, in parse
    compiled_result = compile_func(self, token)
  File "/Library/Python/2.7/site-packages/django/template/defaulttags.py", line 833, in do_for
    nodelist_loop = parser.parse(('empty', 'endfor',))
  File "/Library/Python/2.7/site-packages/django/template/base.py", line 290, in parse
    compiled_result = compile_func(self, token)
  File "/Library/Python/2.7/site-packages/django/template/defaulttags.py", line 1459, in do_with
    nodelist = parser.parse(('endwith',))
  File "/Library/Python/2.7/site-packages/django/template/base.py", line 290, in parse
    compiled_result = compile_func(self, token)
  File "/Library/Python/2.7/site-packages/django/template/defaulttags.py", line 975, in do_if
    nodelist = parser.parse(('elif', 'else', 'endif'))
  File "/Library/Python/2.7/site-packages/django/template/base.py", line 290, in parse
    compiled_result = compile_func(self, token)
  File "/Library/Python/2.7/site-packages/django/template/defaulttags.py", line 833, in do_for
    nodelist_loop = parser.parse(('empty', 'endfor',))
  File "/Library/Python/2.7/site-packages/django/template/base.py", line 290, in parse
    compiled_result = compile_func(self, token)
  File "/Library/Python/2.7/site-packages/django/template/defaulttags.py", line 1459, in do_with
    nodelist = parser.parse(('endwith',))
  File "/Library/Python/2.7/site-packages/django/template/base.py", line 290, in parse
    compiled_result = compile_func(self, token)
  File "/Library/Python/2.7/site-packages/django/template/defaulttags.py", line 975, in do_if
    nodelist = parser.parse(('elif', 'else', 'endif'))
  File "/Library/Python/2.7/site-packages/django/template/base.py", line 288, in parse
    self.invalid_block_tag(token, command, parse_until)
  File "/Library/Python/2.7/site-packages/django/template/base.py", line 343, in invalid_block_tag
    (command, get_text_list(["'%s'" % p for p in parse_until])))
TemplateSyntaxError: Invalid block tag: 'setvar', expected 'elif', 'else' or 'endif'
[26/Nov/2014 13:29:28] ERROR [django.request:231] Internal Server Error: /detail/
Traceback (most recent call last):
  File "/Library/Python/2.7/site-packages/django/core/handlers/base.py", line 111, in get_response
    response = wrapped_callback(request, *callback_args, **callback_kwargs)
  File "/Users/Davey/Documents/school/Jaar 2/Kwartaal 1/A-Pc/Website/pcbuilder/views.py", line 86, in detail
    context_instance=RequestContext(request))
  File "/Library/Python/2.7/site-packages/django/shortcuts.py", line 23, in render_to_response
    return HttpResponse(loader.render_to_string(*args, **kwargs), **httpresponse_kwargs)
  File "/Library/Python/2.7/site-packages/django/template/loader.py", line 170, in render_to_string
    t = get_template(template_name, dirs)
  File "/Library/Python/2.7/site-packages/django/template/loader.py", line 144, in get_template
    template, origin = find_template(template_name, dirs)
  File "/Library/Python/2.7/site-packages/django/template/loader.py", line 132, in find_template
    source, display_name = loader(name, dirs)
  File "/Library/Python/2.7/site-packages/django/template/loader.py", line 44, in __call__
    return self.load_template(template_name, template_dirs)
  File "/Library/Python/2.7/site-packages/django/template/loader.py", line 50, in load_template
    template = get_template_from_string(source, origin, template_name)
  File "/Library/Python/2.7/site-packages/django/template/loader.py", line 156, in get_template_from_string
    return Template(source, origin, name)
  File "/Library/Python/2.7/site-packages/django/template/base.py", line 132, in __init__
    self.nodelist = compile_string(template_string, origin)
  File "/Library/Python/2.7/site-packages/django/template/base.py", line 162, in compile_string
    return parser.parse()
  File "/Library/Python/2.7/site-packages/django/template/base.py", line 290, in parse
    compiled_result = compile_func(self, token)
  File "/Library/Python/2.7/site-packages/django/template/loader_tags.py", line 201, in do_extends
    nodelist = parser.parse()
  File "/Library/Python/2.7/site-packages/django/template/base.py", line 290, in parse
    compiled_result = compile_func(self, token)
  File "/Library/Python/2.7/site-packages/django/template/loader_tags.py", line 175, in do_block
    nodelist = parser.parse(('endblock',))
  File "/Library/Python/2.7/site-packages/django/template/base.py", line 290, in parse
    compiled_result = compile_func(self, token)
  File "/Library/Python/2.7/site-packages/django/template/defaulttags.py", line 833, in do_for
    nodelist_loop = parser.parse(('empty', 'endfor',))
  File "/Library/Python/2.7/site-packages/django/template/base.py", line 290, in parse
    compiled_result = compile_func(self, token)
  File "/Library/Python/2.7/site-packages/django/template/defaulttags.py", line 833, in do_for
    nodelist_loop = parser.parse(('empty', 'endfor',))
  File "/Library/Python/2.7/site-packages/django/template/base.py", line 290, in parse
    compiled_result = compile_func(self, token)
  File "/Library/Python/2.7/site-packages/django/template/defaulttags.py", line 1459, in do_with
    nodelist = parser.parse(('endwith',))
  File "/Library/Python/2.7/site-packages/django/template/base.py", line 290, in parse
    compiled_result = compile_func(self, token)
  File "/Library/Python/2.7/site-packages/django/template/defaulttags.py", line 975, in do_if
    nodelist = parser.parse(('elif', 'else', 'endif'))
  File "/Library/Python/2.7/site-packages/django/template/base.py", line 290, in parse
    compiled_result = compile_func(self, token)
  File "/Library/Python/2.7/site-packages/django/template/defaulttags.py", line 833, in do_for
    nodelist_loop = parser.parse(('empty', 'endfor',))
  File "/Library/Python/2.7/site-packages/django/template/base.py", line 290, in parse
    compiled_result = compile_func(self, token)
  File "/Library/Python/2.7/site-packages/django/template/defaulttags.py", line 1459, in do_with
    nodelist = parser.parse(('endwith',))
  File "/Library/Python/2.7/site-packages/django/template/base.py", line 290, in parse
    compiled_result = compile_func(self, token)
  File "/Library/Python/2.7/site-packages/django/template/defaulttags.py", line 975, in do_if
    nodelist = parser.parse(('elif', 'else', 'endif'))
  File "/Library/Python/2.7/site-packages/django/template/base.py", line 290, in parse
    compiled_result = compile_func(self, token)
  File "/Library/Python/2.7/site-packages/django/template/defaulttags.py", line 1455, in do_with
    "assignment" % bits[0])
TemplateSyntaxError: u'with' expected at least one variable assignment
[26/Nov/2014 13:29:51] ERROR [django.request:231] Internal Server Error: /detail/
Traceback (most recent call last):
  File "/Library/Python/2.7/site-packages/django/core/handlers/base.py", line 111, in get_response
    response = wrapped_callback(request, *callback_args, **callback_kwargs)
  File "/Users/Davey/Documents/school/Jaar 2/Kwartaal 1/A-Pc/Website/pcbuilder/views.py", line 86, in detail
    context_instance=RequestContext(request))
  File "/Library/Python/2.7/site-packages/django/shortcuts.py", line 23, in render_to_response
    return HttpResponse(loader.render_to_string(*args, **kwargs), **httpresponse_kwargs)
  File "/Library/Python/2.7/site-packages/django/template/loader.py", line 170, in render_to_string
    t = get_template(template_name, dirs)
  File "/Library/Python/2.7/site-packages/django/template/loader.py", line 144, in get_template
    template, origin = find_template(template_name, dirs)
  File "/Library/Python/2.7/site-packages/django/template/loader.py", line 132, in find_template
    source, display_name = loader(name, dirs)
  File "/Library/Python/2.7/site-packages/django/template/loader.py", line 44, in __call__
    return self.load_template(template_name, template_dirs)
  File "/Library/Python/2.7/site-packages/django/template/loader.py", line 50, in load_template
    template = get_template_from_string(source, origin, template_name)
  File "/Library/Python/2.7/site-packages/django/template/loader.py", line 156, in get_template_from_string
    return Template(source, origin, name)
  File "/Library/Python/2.7/site-packages/django/template/base.py", line 132, in __init__
    self.nodelist = compile_string(template_string, origin)
  File "/Library/Python/2.7/site-packages/django/template/base.py", line 162, in compile_string
    return parser.parse()
  File "/Library/Python/2.7/site-packages/django/template/base.py", line 290, in parse
    compiled_result = compile_func(self, token)
  File "/Library/Python/2.7/site-packages/django/template/loader_tags.py", line 201, in do_extends
    nodelist = parser.parse()
  File "/Library/Python/2.7/site-packages/django/template/base.py", line 290, in parse
    compiled_result = compile_func(self, token)
  File "/Library/Python/2.7/site-packages/django/template/loader_tags.py", line 175, in do_block
    nodelist = parser.parse(('endblock',))
  File "/Library/Python/2.7/site-packages/django/template/base.py", line 290, in parse
    compiled_result = compile_func(self, token)
  File "/Library/Python/2.7/site-packages/django/template/defaulttags.py", line 833, in do_for
    nodelist_loop = parser.parse(('empty', 'endfor',))
  File "/Library/Python/2.7/site-packages/django/template/base.py", line 290, in parse
    compiled_result = compile_func(self, token)
  File "/Library/Python/2.7/site-packages/django/template/defaulttags.py", line 833, in do_for
    nodelist_loop = parser.parse(('empty', 'endfor',))
  File "/Library/Python/2.7/site-packages/django/template/base.py", line 290, in parse
    compiled_result = compile_func(self, token)
  File "/Library/Python/2.7/site-packages/django/template/defaulttags.py", line 1459, in do_with
    nodelist = parser.parse(('endwith',))
  File "/Library/Python/2.7/site-packages/django/template/base.py", line 290, in parse
    compiled_result = compile_func(self, token)
  File "/Library/Python/2.7/site-packages/django/template/defaulttags.py", line 975, in do_if
    nodelist = parser.parse(('elif', 'else', 'endif'))
  File "/Library/Python/2.7/site-packages/django/template/base.py", line 290, in parse
    compiled_result = compile_func(self, token)
  File "/Library/Python/2.7/site-packages/django/template/defaulttags.py", line 833, in do_for
    nodelist_loop = parser.parse(('empty', 'endfor',))
  File "/Library/Python/2.7/site-packages/django/template/base.py", line 290, in parse
    compiled_result = compile_func(self, token)
  File "/Library/Python/2.7/site-packages/django/template/defaulttags.py", line 1459, in do_with
    nodelist = parser.parse(('endwith',))
  File "/Library/Python/2.7/site-packages/django/template/base.py", line 290, in parse
    compiled_result = compile_func(self, token)
  File "/Library/Python/2.7/site-packages/django/template/defaulttags.py", line 975, in do_if
    nodelist = parser.parse(('elif', 'else', 'endif'))
  File "/Library/Python/2.7/site-packages/django/template/base.py", line 290, in parse
    compiled_result = compile_func(self, token)
  File "/Library/Python/2.7/site-packages/django/template/defaulttags.py", line 1455, in do_with
    "assignment" % bits[0])
TemplateSyntaxError: u'with' expected at least one variable assignment
[26/Nov/2014 13:30:00] ERROR [django.request:231] Internal Server Error: /detail/
Traceback (most recent call last):
  File "/Library/Python/2.7/site-packages/django/core/handlers/base.py", line 111, in get_response
    response = wrapped_callback(request, *callback_args, **callback_kwargs)
  File "/Users/Davey/Documents/school/Jaar 2/Kwartaal 1/A-Pc/Website/pcbuilder/views.py", line 86, in detail
    context_instance=RequestContext(request))
  File "/Library/Python/2.7/site-packages/django/shortcuts.py", line 23, in render_to_response
    return HttpResponse(loader.render_to_string(*args, **kwargs), **httpresponse_kwargs)
  File "/Library/Python/2.7/site-packages/django/template/loader.py", line 170, in render_to_string
    t = get_template(template_name, dirs)
  File "/Library/Python/2.7/site-packages/django/template/loader.py", line 144, in get_template
    template, origin = find_template(template_name, dirs)
  File "/Library/Python/2.7/site-packages/django/template/loader.py", line 132, in find_template
    source, display_name = loader(name, dirs)
  File "/Library/Python/2.7/site-packages/django/template/loader.py", line 44, in __call__
    return self.load_template(template_name, template_dirs)
  File "/Library/Python/2.7/site-packages/django/template/loader.py", line 50, in load_template
    template = get_template_from_string(source, origin, template_name)
  File "/Library/Python/2.7/site-packages/django/template/loader.py", line 156, in get_template_from_string
    return Template(source, origin, name)
  File "/Library/Python/2.7/site-packages/django/template/base.py", line 132, in __init__
    self.nodelist = compile_string(template_string, origin)
  File "/Library/Python/2.7/site-packages/django/template/base.py", line 162, in compile_string
    return parser.parse()
  File "/Library/Python/2.7/site-packages/django/template/base.py", line 290, in parse
    compiled_result = compile_func(self, token)
  File "/Library/Python/2.7/site-packages/django/template/loader_tags.py", line 201, in do_extends
    nodelist = parser.parse()
  File "/Library/Python/2.7/site-packages/django/template/base.py", line 290, in parse
    compiled_result = compile_func(self, token)
  File "/Library/Python/2.7/site-packages/django/template/loader_tags.py", line 175, in do_block
    nodelist = parser.parse(('endblock',))
  File "/Library/Python/2.7/site-packages/django/template/base.py", line 290, in parse
    compiled_result = compile_func(self, token)
  File "/Library/Python/2.7/site-packages/django/template/defaulttags.py", line 833, in do_for
    nodelist_loop = parser.parse(('empty', 'endfor',))
  File "/Library/Python/2.7/site-packages/django/template/base.py", line 290, in parse
    compiled_result = compile_func(self, token)
  File "/Library/Python/2.7/site-packages/django/template/defaulttags.py", line 833, in do_for
    nodelist_loop = parser.parse(('empty', 'endfor',))
  File "/Library/Python/2.7/site-packages/django/template/base.py", line 290, in parse
    compiled_result = compile_func(self, token)
  File "/Library/Python/2.7/site-packages/django/template/defaulttags.py", line 1459, in do_with
    nodelist = parser.parse(('endwith',))
  File "/Library/Python/2.7/site-packages/django/template/base.py", line 290, in parse
    compiled_result = compile_func(self, token)
  File "/Library/Python/2.7/site-packages/django/template/defaulttags.py", line 975, in do_if
    nodelist = parser.parse(('elif', 'else', 'endif'))
  File "/Library/Python/2.7/site-packages/django/template/base.py", line 290, in parse
    compiled_result = compile_func(self, token)
  File "/Library/Python/2.7/site-packages/django/template/defaulttags.py", line 833, in do_for
    nodelist_loop = parser.parse(('empty', 'endfor',))
  File "/Library/Python/2.7/site-packages/django/template/base.py", line 290, in parse
    compiled_result = compile_func(self, token)
  File "/Library/Python/2.7/site-packages/django/template/defaulttags.py", line 1459, in do_with
    nodelist = parser.parse(('endwith',))
  File "/Library/Python/2.7/site-packages/django/template/base.py", line 290, in parse
    compiled_result = compile_func(self, token)
  File "/Library/Python/2.7/site-packages/django/template/defaulttags.py", line 975, in do_if
    nodelist = parser.parse(('elif', 'else', 'endif'))
  File "/Library/Python/2.7/site-packages/django/template/base.py", line 290, in parse
    compiled_result = compile_func(self, token)
  File "/Library/Python/2.7/site-packages/django/template/defaulttags.py", line 1455, in do_with
    "assignment" % bits[0])
TemplateSyntaxError: u'with' expected at least one variable assignment
